<?xml version="1.0" encoding="UTF-8"?>
<testsuite xmlns:xsi="http://www.w3.org/2001/XMLSchema-instance" xsi:noNamespaceSchemaLocation="https://maven.apache.org/surefire/maven-surefire-plugin/xsd/surefire-test-report-3.0.xsd" version="3.0" name="lt.techin.CalcTest" time="46.334" tests="10" errors="0" skipped="0" failures="0">
  <properties>
[...]
</properties>
  <testcase name="testSimpleMultiplication" classname="lt.techin.CalcTest" time="6.548">
    <system-out><![CDATA[=== PRADEDAME TESTĄ ===
Einame į: https://testpages.herokuapp.com/styled/calculator
✓ WebDriver sėkmingai nustatytas
CalcPage objektas sukurtas
✓ Kalkuliatorius pasiruošęs
CalcPage pasiruošęs testui

=== TESTAS: Paprastas dauginimas ===
Atliekamas skaičiavimas: 6 times 7
Įvedu pirmą skaičių: 6
Renkuosi operaciją: times
Įvedu antrą skaičių: 7
Spaudžiu Calculate mygtuką
Gautas rezultatas: 42
✓ Dauginimo testas sėkmingas!
=== BAIGIAME TESTĄ ===
✓ WebDriver uždarytas
]]></system-out>
  </testcase>
  <testcase name="testSimpleAddition" classname="lt.techin.CalcTest" time="14.615">
    <system-out><![CDATA[=== PRADEDAME TESTĄ ===
Einame į: https://testpages.herokuapp.com/styled/calculator
✓ WebDriver sėkmingai nustatytas
CalcPage objektas sukurtas
✓ Kalkuliatorius pasiruošęs
CalcPage pasiruošęs testui

=== TESTAS: Paprastas sudėjimas ===
Atliekamas skaičiavimas: 5 plus 3
Įvedu pirmą skaičių: 5
Renkuosi operaciją: plus
Įvedu antrą skaičių: 3
Spaudžiu Calculate mygtuką
Gautas rezultatas: 8
✓ Sudėjimo testas sėkmingas!
=== BAIGIAME TESTĄ ===
✓ WebDriver uždarytas
]]></system-out>
  </testcase>
  <testcase name="testSimpleSubtraction" classname="lt.techin.CalcTest" time="4.535">
    <system-out><![CDATA[=== PRADEDAME TESTĄ ===
Einame į: https://testpages.herokuapp.com/styled/calculator
✓ WebDriver sėkmingai nustatytas
CalcPage objektas sukurtas
✓ Kalkuliatorius pasiruošęs
CalcPage pasiruošęs testui

=== TESTAS: Paprastas atimimas ===
Atliekamas skaičiavimas: 10 minus 4
Įvedu pirmą skaičių: 10
Renkuosi operaciją: minus
Įvedu antrą skaičių: 4
Spaudžiu Calculate mygtuką
Gautas rezultatas: 6
✓ Atimimo testas sėkmingas!
=== BAIGIAME TESTĄ ===
✓ WebDriver uždarytas
]]></system-out>
  </testcase>
  <testcase name="testSimpleDivision" classname="lt.techin.CalcTest" time="3.062">
    <system-out><![CDATA[=== PRADEDAME TESTĄ ===
Einame į: https://testpages.herokuapp.com/styled/calculator
✓ WebDriver sėkmingai nustatytas
CalcPage objektas sukurtas
✓ Kalkuliatorius pasiruošęs
CalcPage pasiruošęs testui

=== TESTAS: Paprastas dalijimas ===
Atliekamas skaičiavimas: 15 divide 3
Įvedu pirmą skaičių: 15
Renkuosi operaciją: divide
Įvedu antrą skaičių: 3
Spaudžiu Calculate mygtuką
Gautas rezultatas: 5
✓ Dalijimo testas sėkmingas!
=== BAIGIAME TESTĄ ===
✓ WebDriver uždarytas
]]></system-out>
  </testcase>
  <testcase name="testLargeNumbers" classname="lt.techin.CalcTest" time="2.892">
    <system-out><![CDATA[=== PRADEDAME TESTĄ ===
Einame į: https://testpages.herokuapp.com/styled/calculator
✓ WebDriver sėkmingai nustatytas
CalcPage objektas sukurtas
✓ Kalkuliatorius pasiruošęs
CalcPage pasiruošęs testui

=== TESTAS: Dideli skaičiai ===
Atliekamas skaičiavimas: 1000 times 2000
Įvedu pirmą skaičių: 1000
Renkuosi operaciją: times
Įvedu antrą skaičių: 2000
Spaudžiu Calculate mygtuką
Gautas rezultatas: 2000000
✓ Didelių skaičių testas sėkmingas!
=== BAIGIAME TESTĄ ===
✓ WebDriver uždarytas
]]></system-out>
  </testcase>
  <testcase name="testMultipleCalculations" classname="lt.techin.CalcTest" time="3.507">
    <system-out><![CDATA[=== PRADEDAME TESTĄ ===
Einame į: https://testpages.herokuapp.com/styled/calculator
✓ WebDriver sėkmingai nustatytas
CalcPage objektas sukurtas
✓ Kalkuliatorius pasiruošęs
CalcPage pasiruošęs testui

=== TESTAS: Keli skaičiavimai ===
Atliekamas skaičiavimas: 2 plus 3
Įvedu pirmą skaičių: 2
Renkuosi operaciją: plus
Įvedu antrą skaičių: 3
Spaudžiu Calculate mygtuką
Gautas rezultatas: 5
Išvalu visus laukus
Atliekamas skaičiavimas: 10 divide 2
Įvedu pirmą skaičių: 10
Renkuosi operaciją: divide
Įvedu antrą skaičių: 2
Spaudžiu Calculate mygtuką
Gautas rezultatas: 5
✓ Kelių skaičiavimų testas sėkmingas!
=== BAIGIAME TESTĄ ===
✓ WebDriver uždarytas
]]></system-out>
  </testcase>
  <testcase name="testStepByStep" classname="lt.techin.CalcTest" time="2.994">
    <system-out><![CDATA[=== PRADEDAME TESTĄ ===
Einame į: https://testpages.herokuapp.com/styled/calculator
✓ WebDriver sėkmingai nustatytas
CalcPage objektas sukurtas
✓ Kalkuliatorius pasiruošęs
CalcPage pasiruošęs testui

=== TESTAS: Po žingsnį ===
Įvedu pirmą skaičių: 8
Renkuosi operaciją: minus
Įvedu antrą skaičių: 3
Spaudžiu Calculate mygtuką
Gautas rezultatas: 5
✓ Žingsnis po žingsnio testas sėkmingas!
=== BAIGIAME TESTĄ ===
✓ WebDriver uždarytas
]]></system-out>
  </testcase>
  <testcase name="testPageTitle" classname="lt.techin.CalcTest" time="2.512">
    <system-out><![CDATA[=== PRADEDAME TESTĄ ===
Einame į: https://testpages.herokuapp.com/styled/calculator
✓ WebDriver sėkmingai nustatytas
CalcPage objektas sukurtas
✓ Kalkuliatorius pasiruošęs
CalcPage pasiruošęs testui

=== TESTAS: Puslapio pavadinimas ===
Puslapio pavadinimas: Selenium Simplified Calculator
✓ Puslapio pavadinimo testas baigtas!
=== BAIGIAME TESTĄ ===
✓ WebDriver uždarytas
]]></system-out>
  </testcase>
  <testcase name="testAdditionWithZero" classname="lt.techin.CalcTest" time="2.87">
    <system-out><![CDATA[=== PRADEDAME TESTĄ ===
Einame į: https://testpages.herokuapp.com/styled/calculator
✓ WebDriver sėkmingai nustatytas
CalcPage objektas sukurtas
✓ Kalkuliatorius pasiruošęs
CalcPage pasiruošęs testui

=== TESTAS: Sudėjimas su nuliu ===
Atliekamas skaičiavimas: 0 plus 5
Įvedu pirmą skaičių: 0
Renkuosi operaciją: plus
Įvedu antrą skaičių: 5
Spaudžiu Calculate mygtuką
Gautas rezultatas: 5
✓ Sudėjimo su nuliu testas sėkmingas!
=== BAIGIAME TESTĄ ===
✓ WebDriver uždarytas
]]></system-out>
  </testcase>
  <testcase name="testNegativeNumbers" classname="lt.techin.CalcTest" time="2.775">
    <system-out><![CDATA[=== PRADEDAME TESTĄ ===
Einame į: https://testpages.herokuapp.com/styled/calculator
✓ WebDriver sėkmingai nustatytas
CalcPage objektas sukurtas
✓ Kalkuliatorius pasiruošęs
CalcPage pasiruošęs testui

=== TESTAS: Neigiami skaičiai ===
Atliekamas skaičiavimas: -3 plus 2
Įvedu pirmą skaičių: -3
Renkuosi operaciją: plus
Įvedu antrą skaičių: 2
Spaudžiu Calculate mygtuką
Gautas rezultatas: -1
✓ Neigiamų skaičių testas sėkmingas!
=== BAIGIAME TESTĄ ===
✓ WebDriver uždarytas
]]></system-out>
  </testcase>
</testsuite>